<?xml version="1.0" encoding="UTF-8"?>
<!-- Generated by org.testng.reporters.JUnitReportReporter -->
<testsuite hostname="Danilos-MacBook-Air.local" failures="0" tests="1" name="com.it360.qa.TestCases.PaymentTest" time="14.254" errors="0" timestamp="2024-08-26T16:00:17 EDT" skipped="0">
  <testcase classname="com.it360.qa.TestCases.PaymentTest" name="verifySuccessfulPurchaseOfValidProduct" time="14.254"/>
</testsuite> <!-- com.it360.qa.TestCases.PaymentTest -->
