<?xml version="1.0" encoding="UTF-8"?>
<!-- Generated by org.testng.reporters.JUnitReportReporter -->
<testsuite hostname="Danilos-MacBook-Air.local" failures="0" tests="1" name="com.it360.qa.TestCases.PaymentTest" time="12.694" errors="0" timestamp="2024-08-26T16:13:41 EDT" skipped="0">
  <testcase classname="com.it360.qa.TestCases.PaymentTest" name="verifySuccessfulPurchaseOfValidProduct" time="12.694"/>
</testsuite> <!-- com.it360.qa.TestCases.PaymentTest -->
